<?xml version="1.0" encoding="UTF-8"?>
<!-- Generated by org.testng.reporters.JUnitReportReporter -->
<testsuite hostname="azeleus" failures="0" tests="1" name="MavenProjectsAnotherOne.Main2" time="4.192" errors="0" timestamp="2023-02-01T06:01:46 IST" skipped="0">
  <testcase classname="MavenProjectsAnotherOne.Main2" name="JiraAPI" time="4.192"/>
  <system-out/>
</testsuite> <!-- MavenProjectsAnotherOne.Main2 -->
